<?xml version="1.0" encoding="UTF-8"?>
<robot generator="Robot 3.1.2 (Python 3.8.1 on win32)" generated="20200308 12:14:14.982" rpa="false">
<suite id="s1" name="TC AttendanceMandatoryIconCheck" source="E:\AutomationTest\TestCases\TC_AttendanceMandatoryIconCheck.robot">
<test id="s1-t1" name="Test lower case">
<kw name="Convert To Lowercase">
<arguments>
<arg>TEST DATA</arg>
</arguments>
<assign>
<var>${sml}=</var>
</assign>
<msg timestamp="20200308 12:14:15.261" level="FAIL">No keyword with name 'Convert To Lowercase' found.</msg>
<status status="FAIL" starttime="20200308 12:14:15.261" endtime="20200308 12:14:15.261"></status>
</kw>
<status status="FAIL" starttime="20200308 12:14:15.256" endtime="20200308 12:14:15.262" critical="yes">No keyword with name 'Convert To Lowercase' found.</status>
</test>
<test id="s1-t2" name="MandaoryIconCheck">
<kw name="Log In To Eduman" library="html_resources">
<kw name="Open Browser" library="SeleniumLibrary">
<doc>Opens a new browser instance to the optional ``url``.</doc>
<arguments>
<arg>${EdumanUrl}</arg>
<arg>${BrowserDriver}</arg>
</arguments>
<msg timestamp="20200308 12:14:15.266" level="INFO">Opening browser 'chrome' to base url 'https://dev.edumanbd.com/#/login'.</msg>
<status status="PASS" starttime="20200308 12:14:15.266" endtime="20200308 12:15:44.968"></status>
</kw>
<kw name="Wait Until Page Contains Element" library="SeleniumLibrary">
<doc>Waits until the element ``locator`` appears on the current page.</doc>
<arguments>
<arg>xpath=//input[@id='loginUserName']</arg>
<arg>30</arg>
</arguments>
<kw name="Capture Page Screenshot" library="SeleniumLibrary">
<doc>Takes a screenshot of the current page and embeds it into a log file.</doc>
<msg timestamp="20200308 12:15:45.052" level="FAIL">NoSuchWindowException: Message: no such window: target window already closed
from unknown error: web view not found
  (Session info: chrome=80.0.3987.132)
</msg>
<status status="FAIL" starttime="20200308 12:15:44.985" endtime="20200308 12:15:45.052"></status>
</kw>
<msg timestamp="20200308 12:15:45.052" level="WARN">Keyword 'Capture Page Screenshot' could not be run on failure: NoSuchWindowException: Message: no such window: target window already closed
from unknown error: web view not found
  (Session info: chrome=80.0.3987.132)
</msg>
<msg timestamp="20200308 12:15:45.066" level="FAIL">NoSuchWindowException: Message: no such window: target window already closed
from unknown error: web view not found
  (Session info: chrome=80.0.3987.132)
</msg>
<status status="FAIL" starttime="20200308 12:15:44.969" endtime="20200308 12:15:45.066"></status>
</kw>
<status status="FAIL" starttime="20200308 12:14:15.265" endtime="20200308 12:15:45.067"></status>
</kw>
<status status="FAIL" starttime="20200308 12:14:15.264" endtime="20200308 12:15:45.067" critical="yes">NoSuchWindowException: Message: no such window: target window already closed
from unknown error: web view not found
  (Session info: chrome=80.0.3987.132)
</status>
</test>
<status status="FAIL" starttime="20200308 12:14:14.985" endtime="20200308 12:15:45.075"></status>
</suite>
<statistics>
<total>
<stat pass="0" fail="2">Critical Tests</stat>
<stat pass="0" fail="2">All Tests</stat>
</total>
<tag>
</tag>
<suite>
<stat pass="0" fail="2" id="s1" name="TC AttendanceMandatoryIconCheck">TC AttendanceMandatoryIconCheck</stat>
</suite>
</statistics>
<errors>
<msg timestamp="20200308 12:15:45.052" level="WARN">Keyword 'Capture Page Screenshot' could not be run on failure: NoSuchWindowException: Message: no such window: target window already closed
from unknown error: web view not found
  (Session info: chrome=80.0.3987.132)
</msg>
</errors>
</robot>
